<?xml version="1.0" encoding="UTF-8"?>
<!-- Generated by org.testng.reporters.JUnitReportReporter -->
<testsuite skipped="0" hostname="ip-172-31-92-120" name="restAPI.PostRequest" tests="1" failures="0" timestamp="03 Dec 2021 17:29:11 GMT" time="1.736" errors="0">
  <testcase name="PostCall" time="1.736" classname="restAPI.PostRequest"/>
</testsuite> <!-- restAPI.PostRequest -->
