<?xml version="1.0" encoding="UTF-8"?>
<!-- Generated by org.testng.reporters.JUnitReportReporter -->
<testsuite skipped="0" hostname="ip-172-31-92-120" name="restAPI.GetRequest" tests="1" failures="0" timestamp="03 Dec 2021 17:29:40 GMT" time="1.628" errors="0">
  <testcase name="GetCall" time="1.628" classname="restAPI.GetRequest"/>
</testsuite> <!-- restAPI.GetRequest -->
